[www.buzzinteractive.co/index.html]
[www.buzzinteractive.co/wp-content/uploads/2017/05/buzz-favicon.png]
[backblue.gif]
[fade.gif]
[index.html]
[www.buzzinteractive.co/wp-content/cache/wpfc-minified/dry8x01w/5wn30.css]
[www.buzzinteractive.co/wp-content/cache/wpfc-minified/f1n4xekp/5wn2z.css]
[www.buzzinteractive.co/wp-content/cache/wpfc-minified/hbfqu89/5wn30.css]
[www.buzzinteractive.co/comments/feed/index.html]
[www.buzzinteractive.co/xmlrpc0db0.php]
[www.buzzinteractive.co/wp-json/index.html]
[www.buzzinteractive.co/wp-includes/wlwmanifest.xml]
[static2.buzzinteractive.co/wp-content/uploads/2019/10/buzz-interactive-logo.png]
[wpfc.ml/b.gif]
[ajax.cloudflare.com/cdn-cgi/scripts/7089c43e/cloudflare-static/rocket-loader.min.js]
[www.buzzinteractive.co/feed/index.html]
[www.buzzinteractive.co/contact/index.html]
[www.buzzinteractive.co/wp-content/plugins/revslider/public/assets/assets/dummy.png]
[www.buzzinteractive.co/wp-content/cache/wpfc-minified/lks2wlg9/5wn2z.css]
[www.buzzinteractive.co/about-us/index.html]
[www.buzzinteractive.co/software-development-services/index.html]
[www.buzzinteractive.co/web-development-services/index.html]
[www.buzzinteractive.co/ecommerce-website-development/index.html]
[www.buzzinteractive.co/mobile-app-development-services/index.html]
[www.buzzinteractive.co/design-services/index.html]
[www.buzzinteractive.co/case-studies/index.html]
[www.buzzinteractive.co/ui-ux-design-services/index.html]
[www.buzzinteractive.co/seo-services/index.html]
[www.buzzinteractive.co/cms-development-services/index.html]
[www.buzzinteractive.co/sem-services/index.html]
[www.buzzinteractive.co/social-media-services/index.html]
[www.buzzinteractive.co/buzz-portfolio/index.html]
[www.buzzinteractive.co/cdn-cgi/l/email-protection.html]
[www.buzzinteractive.co/digital-marketing-for-clothing-brand-case-study/index.html]
[www.buzzinteractive.co/blog/index.html]
[www.buzzinteractive.co/digital-marketing-for-hotels-case-study/index.html]
[www.buzzinteractive.co/service-marketplace-case-study/index.html]
[www.buzzinteractive.co/funnel-crm-software-case-study/index.html]
[www.buzzinteractive.co/portfolio/sadaf-arshad/index.html]
[www.buzzinteractive.co/uber-like-app-case-study/index.html]
[www.buzzinteractive.co/careers/index.html]
[www.buzzinteractive.co/cdn-cgi/scripts/5c5dd728/cloudflare-static/email-decode.min.js]
[www.buzzinteractive.co/thankyou/index.html]
[images.dmca.com/badges/dmca15e6.css]
[www.buzzinteractive.co/privacy/index.html]
[www.buzzinteractive.co/wp-content/cache/wpfc-minified/1djhggad/5wn30.js]
[collectcdn.com/launcher.js]
[www.buzzinteractive.co/terms-of-use/index.html]
[www.buzzinteractive.co/wp-content/cache/wpfc-minified/2psfusbk/5wn30.js]
[www.buzzinteractive.co/wp-content/cache/wpfc-minified/ftex94cs/5wn30.js]
[www.buzzinteractive.co/wp-content/cache/wpfc-minified/k16t98xv/5wn30.js]
[www.buzzinteractive.co/index.html]
[www.buzzinteractive.co/xmlrpc.php]
[www.googletagmanager.com/gtm5445.html]
[static.cloudflareinsights.com/beacon.min.js]
[www.buzzinteractive.co/wp-content/plugins/click-to-tweet-by-todaymade/assets/img/twitter-little-bird.png]
[www.buzzinteractive.co/wp-content/cache/wpfc-minified/dry8x01w/5wn30.css]
[www.buzzinteractive.co/wp-includes/js/mediaelement/mejs-controls.svg]
[www.buzzinteractive.co/wp-content/cache/wpfc-minified/hbfqu89/5wn30.css]
[www.buzzinteractive.co/wp-content/cache/wpfc-minified/f1n4xekp/5wn2z.css]
[www.buzzinteractive.co/wp-content/plugins/js_composer/assets/vc/alert.png]
[www.buzzinteractive.co/wp-content/cache/wpfc-minified/lks2wlg9/5wn2z.css]
[www.buzzinteractive.co/contact/index.html]
[www.buzzinteractive.co/wp-content/plugins/revslider/public/assets/assets/transparent.png]
[www.buzzinteractive.co/about-us/index.html]
[www.buzzinteractive.co/wp-content/cache/wpfc-minified/dry8x01w/5ua7g.css]
[www.buzzinteractive.co/wp-content/cache/wpfc-minified/f1n4xekp/5ua7g.css]
[www.buzzinteractive.co/wp-content/cache/wpfc-minified/lks2wlg9/5ua7g.css]
[www.buzzinteractive.co/wp-content/uploads/2016/02/Portfolio-Banner.png]
[www.buzzinteractive.co/wp-content/uploads/2019/08/Gb.png]
[www.buzzinteractive.co/wp-content/uploads/2019/08/Carruba-Logo.png]
[www.buzzinteractive.co/wp-content/uploads/2019/08/Funnel-Logo.png]
[www.buzzinteractive.co/wp-content/uploads/2019/08/araam-Logo.png]
[www.buzzinteractive.co/wp-content/uploads/2020/07/iron-gear-logo.png]
[www.buzzinteractive.co/wp-content/cache/wpfc-minified/1djhggad/5ua7h.js]
[www.buzzinteractive.co/wp-content/cache/wpfc-minified/ftex94cs/5ua7g.js]
[www.buzzinteractive.co/wp-content/cache/wpfc-minified/2psfusbk/5ua7h.js]
[www.buzzinteractive.co/case-studies/index.html]
[www.buzzinteractive.co/wp-content/cache/wpfc-minified/k16t98xv/5ua7g.js]
[www.buzzinteractive.co/wp-content/uploads/2020/07/clutch.png]
[www.buzzinteractive.co/wp-content/uploads/2020/07/google.png]
[www.buzzinteractive.co/wp-content/uploads/2020/07/sortlist.png]
[www.buzzinteractive.co/enterprise-software-development-services/index.html]
[www.buzzinteractive.co/software-development-services/index.html]
[www.buzzinteractive.co/wp-content/cache/wpfc-minified/6jt7b20o/5xb3h.js]
[www.buzzinteractive.co/wp-content/cache/wpfc-minified/qsjaiog4/5wne0.css]
[www.buzzinteractive.co/wp-content/uploads/2017/07/development.png]
[www.buzzinteractive.co/web-development-services/index.html]
[www.buzzinteractive.co/wp-content/cache/wpfc-minified/k1pnn8e4/5wnp1.js]
[www.buzzinteractive.co/android-app-development-services/index.html]
[www.buzzinteractive.co/mobile-app-development-services/index.html]
[www.buzzinteractive.co/ios-app-development-services/index.html]
[www.buzzinteractive.co/shopify-development-services/index.html]
[www.buzzinteractive.co/woocommerce-development-services/index.html]
[www.buzzinteractive.co/ecommerce-website-development/index.html]
[www.buzzinteractive.co/wordpress-development-services/index.html]
[www.buzzinteractive.co/cms-development-services/index.html]
[www.buzzinteractive.co/wp-content/cache/wpfc-minified/qsjaiog4/5ugla.css]
[www.buzzinteractive.co/wp-content/uploads/2017/07/design-page.png]
[www.buzzinteractive.co/wp-content/plugins/ubermenu/assets/js/ubermenu.mina7a0.js]
[www.buzzinteractive.co/design-services/index.html]
[www.buzzinteractive.co/wp-content/cache/wpfc-minified/dry8x01w/5ul6f.css]
[www.buzzinteractive.co/wp-content/cache/wpfc-minified/k1pnn8e4/5ugla.js]
[www.buzzinteractive.co/wp-content/cache/wpfc-minified/f1n4xekp/5ul6e.css]
[www.buzzinteractive.co/wp-content/cache/wpfc-minified/lks2wlg9/5ul6e.css]
[www.buzzinteractive.co/wp-content/uploads/2020/07/Adobe_XD_Essentials_badge.png]
[www.buzzinteractive.co/wp-content/uploads/2020/07/original.png]
[www.buzzinteractive.co/wp-content/uploads/2020/07/cxa-logo.png]
[www.buzzinteractive.co/wp-content/cache/wpfc-minified/ftex94cs/5ul83.js]
[www.buzzinteractive.co/wp-content/cache/wpfc-minified/1djhggad/5ul6f.js]
[www.buzzinteractive.co/wp-content/cache/wpfc-minified/2psfusbk/5ul6f.js]
[www.buzzinteractive.co/ui-ux-design-services/index.html]
[www.buzzinteractive.co/wp-content/cache/wpfc-minified/k16t98xv/5ul6f.js]
[static.buzzinteractive.co/wp-content/uploads/2018/04/15af2.png]
[www.buzzinteractive.co/wp-content/uploads/2018/04/Sem-services.png]
[www.buzzinteractive.co/seo-services/index.html]
[static.buzzinteractive.co/wp-content/uploads/2018/04/3b067.png]
[www.buzzinteractive.co/wp-content/uploads/2018/04/SEO-Services.png]
[www.buzzinteractive.co/sem-services/index.html]
[www.buzzinteractive.co/wp-content/uploads/2017/07/Social-media-page.png]
[www.buzzinteractive.co/wp-content/cache/wpfc-minified/eiep1ev9/5wne0.js]
[www.buzzinteractive.co/social-media-services/index.html]
[www.buzzinteractive.co/portfolio/goldbrick-construction/index.html]
[www.buzzinteractive.co/portfolio/mecatech/index.html]
[www.buzzinteractive.co/portfolio/goldbrick-hotels/index.html]
[www.buzzinteractive.co/buzz-portfolio/index.html]
[www.buzzinteractive.co/wp-content/uploads/2018/04/Blog-Banner-1.png]
[www.buzzinteractive.co/website-development-for-startups/index.html]
[www.buzzinteractive.co/reshaping-web-development-and-design-in-2010-top-10-trends-to-follow/index.html]
[www.buzzinteractive.co/best-front-end-development-languages/index.html]
[www.buzzinteractive.co/ecommerce-website-design-best-practices/index.html]
[www.buzzinteractive.co/digital-headlines-one/index.html]
[www.buzzinteractive.co/blog/index.html]
[www.buzzinteractive.co/how-to-measure-seo-performance/index.html]
[www.buzzinteractive.co/buzz-interactive-awarded-by-clutch-as-top-b2b-company-in-pakistan/index.html]
[www.buzzinteractive.co/payment-gateways-in-pakistan/index.html]
[www.buzzinteractive.co/chatbots-in-digital-marketing/index.html]
[www.buzzinteractive.co/social-media-marketing-for-saas-business/index.html]
[www.buzzinteractive.co/wp-content/uploads/2018/08/career-buzzinteractive.png]
[www.buzzinteractive.co/android-app-development-tools-for-developers/index.html]
[www.buzzinteractive.co/ios-app-development-tools-for-developers/index.html]
[www.buzzinteractive.co/progressive-web-apps-vs-react-native/index.html]
[www.buzzinteractive.co/shopify-vs-woocommerce/index.html]
[www.buzzinteractive.co/wordpress-vs-joomla-vs-drupal/index.html]
[www.buzzinteractive.co/magento-vs-opencart/index.html]
[www.buzzinteractive.co/mobile-apps-for-business-management/index.html]
[www.buzzinteractive.co/careers/index.html]
[www.buzzinteractive.co/wordpress-booking-plugins/index.html]
[www.buzzinteractive.co/customized-software-for-your-business/index.html]
[www.buzzinteractive.co/seo-in-2019-is-different-4-disruptor-trends-to-understand/index.html]
[www.buzzinteractive.co/discover-on-demand-apps-in-2019/index.html]
[www.buzzinteractive.co/buzz-interactive-clutch-standout-digital-marketing-agency/index.html]
[www.buzzinteractive.co/5-sales-marketing-tips-to-help-grow-your-business/index.html]
[www.buzzinteractive.co/best-of-the-best-with-buzz/index.html]
[www.buzzinteractive.co/top-5-web-design-trends-to-watch-for-in-2019/index.html]
[www.buzzinteractive.co/wp-content/uploads/2019/05/Arrow-1.png]
[www.buzzinteractive.co/the-5-best-tools-to-get-more-followers-on-instagram/index.html]
[www.buzzinteractive.co/2-digital-marketing-trends-you-cant-afford-to-ignore/index.html]
[www.buzzinteractive.co/buzz-interactive-recognized-for-marketing-excellence/index.html]
[www.buzzinteractive.co/how-to-steal-your-competitors-facebook-audience/index.html]
[www.buzzinteractive.co/wp-content/uploads/2019/04/Down-Arrow.png]
[www.buzzinteractive.co/top-4-local-seo-strategies-to-implement-in-2018-beyond/index.html]
[www.buzzinteractive.co/5-out-of-the-box-digital-marketing-examples-from-2018/index.html]
[www.buzzinteractive.co/11-ways-to-boost-conversion-rate-for-ecommerce-business/index.html]
[www.buzzinteractive.co/wp-content/uploads/2020/06/header-39f4c.png]
[www.buzzinteractive.co/3-best-social-media-marketing-benefits-for-small-business/index.html]
[www.buzzinteractive.co/design-for-reality-not-glory/index.html]
[www.buzzinteractive.co/content-recipe-ingredients-for-a-great-content/index.html]
[www.buzzinteractive.co/social-media-marketing-tips-for-restaurant-business/index.html]
[www.buzzinteractive.co/9-ways-for-improving-your-website-speed/index.html]
[www.buzzinteractive.co/25-essential-wordpress-maintenance-guide-for-beginners/index.html]
[www.buzzinteractive.co/digital-marketing-for-clothing-brand-case-study/index.html]
[www.buzzinteractive.co/make-websites-communicate-convert-visitors-leads/index.html]
[www.buzzinteractive.co/5-ways-to-boost-ecommerce-business-through-social-media/index.html]
[www.buzzinteractive.co/here-is-complete-guide-using-the-power-of-content/index.html]
[www.buzzinteractive.co/anatomy-successful-digital-marketing-campaign/index.html]
[www.buzzinteractive.co/buzz-interactive-showcases-work-clutch/index.html]
[www.buzzinteractive.co/7-effective-social-media-marketing-tips-enhance-online-business/index.html]
[static1.buzzinteractive.co/wp-content/uploads/2019/05/Arrow-up.png]
[www.buzzinteractive.co/story-of-araam/index.html]
[static1.buzzinteractive.co/wp-content/uploads/2019/05/Header-14f0d.png]
[www.buzzinteractive.co/service-marketplace-case-study/index.html]
[static2.buzzinteractive.co/wp-content/uploads/2019/05/Arrow-1.png]
[www.buzzinteractive.co/wp-content/uploads/2019/05/Headerda78.png]
[www.buzzinteractive.co/digital-marketing-for-hotels-case-study/index.html]
[static2.buzzinteractive.co/wp-content/uploads/2019/03/Arrow-upwards.png]
[www.buzzinteractive.co/wp-content/uploads/2019/03/Headerce7a.png]
[www.buzzinteractive.co/uber-like-app-case-study/index.html]
[static.buzzinteractive.co/wp-content/uploads/2019/05/arrow-funnel.png]
[static1.buzzinteractive.co/wp-content/uploads/2019/05/Header-27752.png]
[www.buzzinteractive.co/funnel-crm-software-case-study/index.html]
[www.buzzinteractive.co/wp-content/uploads/2016/07/size.png]
[www.buzzinteractive.co/portfolio/sadaf-arshad/feed/index.html]
[www.buzzinteractive.co/wp-content/uploads/2016/07/SA-1.png]
[www.buzzinteractive.co/wp-content/uploads/2016/07/SA1.png]
[www.buzzinteractive.co/wp-content/uploads/2016/07/SA2-1.png]
[www.buzzinteractive.co/wp-content/uploads/2016/07/SA3.png]
[www.buzzinteractive.co/wp-content/uploads/2016/07/SA4.png]
[www.buzzinteractive.co/wp-content/uploads/2016/07/SA5.png]
[www.buzzinteractive.co/portfolio/sadaf-arshad/index.html]
[www.buzzinteractive.co/thankyou/index.html]
[www.buzzinteractive.co/cdn-cgi/l/email-protection.html]
[www.buzzinteractive.co/privacy/index.html]
[www.buzzinteractive.co/terms-of-use/index.html]
[images.dmca.com/badges/dmca15e6.css]
[www.buzzinteractive.co/wp-includes/js/mediaelement/mejs-controls.svg]
[www.buzzinteractive.co/indexd187.html]
[www.buzzinteractive.co/index8306.html]
[www.buzzinteractive.co/wp-content/cache/wpfc-minified/dry8x01w/5ua7g.css]
[www.buzzinteractive.co/wp-content/cache/wpfc-minified/lw84xnl8/5ua7g.css]
[www.buzzinteractive.co/wp-content/cache/wpfc-minified/f1n4xekp/5ua7g.css]
[www.buzzinteractive.co/wp-content/cache/wpfc-minified/lks2wlg9/5ua7g.css]
[www.buzzinteractive.co/indexc5c5.html]
[www.buzzinteractive.co/indexcf04.html]
[www.buzzinteractive.co/enterprise-software-development-services/index.html]
[www.buzzinteractive.co/qa-testing-services/index.html]
[www.buzzinteractive.co/wp-content/cache/wpfc-minified/qsjaiog4/5wne0.css]
[www.buzzinteractive.co/index151c.html]
[www.buzzinteractive.co/index2495.html]
[www.buzzinteractive.co/ios-app-development-services/index.html]
[www.buzzinteractive.co/android-app-development-services/index.html]
[www.buzzinteractive.co/index2c46.html]
[www.buzzinteractive.co/shopify-development-services/index.html]
[www.buzzinteractive.co/woocommerce-development-services/index.html]
[www.buzzinteractive.co/index5050.html]
[www.buzzinteractive.co/wordpress-development-services/index.html]
[www.buzzinteractive.co/wp-content/cache/wpfc-minified/qsjaiog4/5ugla.css]
[www.buzzinteractive.co/indexed9a.html]
[www.buzzinteractive.co/wp-content/cache/wpfc-minified/dry8x01w/5ul6f.css]
[www.buzzinteractive.co/wp-content/cache/wpfc-minified/lw84xnl8/5ul6f.css]
[www.buzzinteractive.co/wp-content/cache/wpfc-minified/f1n4xekp/5ul6e.css]
[www.buzzinteractive.co/wp-content/cache/wpfc-minified/lks2wlg9/5ul6e.css]
[www.buzzinteractive.co/indexc073.html]
[www.buzzinteractive.co/index561c.html]
[www.buzzinteractive.co/index6de7.html]
[www.buzzinteractive.co/indexfd8f.html]
[www.buzzinteractive.co/indexa123.html]
[www.buzzinteractive.co/wp-content/uploads/2016/06/5-logo-adapts-display.png]
[www.buzzinteractive.co/portfolio/goldbrick-construction/feed/index.html]
[www.buzzinteractive.co/wp-content/uploads/2016/06/6-logo-display.png]
[www.buzzinteractive.co/wp-content/uploads/2016/06/GB.png]
[www.buzzinteractive.co/portfolio/goldbrick-construction/index.html]
[www.buzzinteractive.co/wp-content/uploads/2016/07/Untitled-9-1.png]
[www.buzzinteractive.co/portfolio/mecatech/feed/index.html]
[www.buzzinteractive.co/wp-content/uploads/2016/07/MT-1-1.png]
[www.buzzinteractive.co/wp-content/uploads/2016/07/MT-2-1.png]
[www.buzzinteractive.co/wp-content/uploads/2016/07/MT-3-1.png]
[www.buzzinteractive.co/wp-content/uploads/2016/07/MT-4-1.png]
[www.buzzinteractive.co/wp-content/uploads/2016/07/MT-5-1.png]
[www.buzzinteractive.co/portfolio/mecatech/index.html]
[www.buzzinteractive.co/wp-content/uploads/2016/07/Porfolio-GB1.png]
[www.buzzinteractive.co/portfolio/goldbrick-hotels/feed/index.html]
[www.buzzinteractive.co/wp-content/uploads/2016/07/Porfolio-GB2.png]
[www.buzzinteractive.co/wp-content/uploads/2016/07/Porfolio-GB3.png]
[www.buzzinteractive.co/wp-content/uploads/2016/07/Porfolio-GB4.png]
[www.buzzinteractive.co/portfolio/goldbrick-hotels/index.html]
[www.buzzinteractive.co/index8a7d.html]
[www.buzzinteractive.co/website-development-for-startups/index.html]
[www.buzzinteractive.co/reshaping-web-development-and-design-in-2010-top-10-trends-to-follow/index.html]
[www.buzzinteractive.co/ecommerce-website-design-best-practices/index.html]
[www.buzzinteractive.co/category/web-development/index.html]
[www.buzzinteractive.co/best-front-end-development-languages/index.html]
[www.buzzinteractive.co/category/digital-marketing/index.html]
[www.buzzinteractive.co/category/graphic-design/index.html]
[www.buzzinteractive.co/payment-gateways-in-pakistan/index.html]
[www.buzzinteractive.co/category/web-design/index.html]
[www.buzzinteractive.co/tag/web-design/index.html]
[www.buzzinteractive.co/digital-headlines-one/index.html]
[www.buzzinteractive.co/ecommerce-website-design-best-practices/feed/index.html]
[www.buzzinteractive.co/chatbots-in-digital-marketing/index.html]
[www.buzzinteractive.co/tag/web-development/index.html]
[www.buzzinteractive.co/best-front-end-development-languages/feed/index.html]
[www.buzzinteractive.co/how-to-measure-seo-performance/index.html]
[www.buzzinteractive.co/payment-gateways-in-pakistan/feed/index.html]
[www.buzzinteractive.co/category/ecommerce/index.html]
[www.buzzinteractive.co/social-media-marketing-for-saas-business/index.html]
[www.buzzinteractive.co/digital-headlines-one/feed/index.html]
[www.buzzinteractive.co/buzz-interactive-awarded-by-clutch-as-top-b2b-company-in-pakistan/index.html]
[www.buzzinteractive.co/chatbots-in-digital-marketing/feed/index.html]
[www.buzzinteractive.co/ios-app-development-tools-for-developers/index.html]
[www.buzzinteractive.co/how-to-measure-seo-performance/feed/index.html]
[www.buzzinteractive.co/android-app-development-tools-for-developers/index.html]
[www.buzzinteractive.co/category/digital-headlines/index.html]
[www.buzzinteractive.co/progressive-web-apps-vs-react-native/index.html]
[www.buzzinteractive.co/social-media-marketing-for-saas-business/feed/index.html]
[www.buzzinteractive.co/shopify-vs-woocommerce/index.html]
[www.buzzinteractive.co/website-development-for-startups/feed/index.html]
[www.buzzinteractive.co/category/seo/index.html]
[www.buzzinteractive.co/magento-vs-opencart/index.html]
[www.buzzinteractive.co/buzz-interactive-awarded-by-clutch-as-top-b2b-company-in-pakistan/feed/index.html]
[www.buzzinteractive.co/wordpress-vs-joomla-vs-drupal/index.html]
[www.buzzinteractive.co/reshaping-web-development-and-design-in-2010-top-10-trends-to-follow/feed/index.html]
[www.buzzinteractive.co/category/social-media-marketing/index.html]
[www.buzzinteractive.co/ios-app-development-tools-for-developers/feed/index.html]
[www.buzzinteractive.co/mobile-apps-for-business-management/index.html]
[www.buzzinteractive.co/android-app-development-tools-for-developers/feed/index.html]
[www.buzzinteractive.co/customized-software-for-your-business/index.html]
[www.buzzinteractive.co/progressive-web-apps-vs-react-native/feed/index.html]
[www.buzzinteractive.co/wordpress-booking-plugins/index.html]
[www.buzzinteractive.co/progressive-web-app-development-services/index.html]
[www.buzzinteractive.co/seo-in-2019-is-different-4-disruptor-trends-to-understand/index.html]
[www.buzzinteractive.co/shopify-vs-woocommerce/feed/index.html]
[www.buzzinteractive.co/category/uncategorised/index.html]
[www.buzzinteractive.co/discover-on-demand-apps-in-2019/index.html]
[www.buzzinteractive.co/magento-vs-opencart/feed/index.html]
[www.buzzinteractive.co/buzz-interactive-clutch-standout-digital-marketing-agency/index.html]
[www.buzzinteractive.co/wordpress-vs-joomla-vs-drupal/feed/index.html]
[www.buzzinteractive.co/5-sales-marketing-tips-to-help-grow-your-business/index.html]
[www.buzzinteractive.co/the-5-best-tools-to-get-more-followers-on-instagram/index.html]
[www.buzzinteractive.co/mobile-apps-for-business-management/feed/index.html]
[www.buzzinteractive.co/react-native-app-development-services/index.html]
[www.buzzinteractive.co/customized-software-for-your-business/feed/index.html]
[www.buzzinteractive.co/best-of-the-best-with-buzz/index.html]
[www.buzzinteractive.co/wordpress-booking-plugins/feed/index.html]
[www.buzzinteractive.co/seo-in-2019-is-different-4-disruptor-trends-to-understand/feed/index.html]
[www.buzzinteractive.co/top-5-web-design-trends-to-watch-for-in-2019/index.html]
[www.buzzinteractive.co/magento-development-services/index.html]
[www.buzzinteractive.co/2-digital-marketing-trends-you-cant-afford-to-ignore/index.html]
[www.buzzinteractive.co/discover-on-demand-apps-in-2019/feed/index.html]
[www.buzzinteractive.co/tag/seo-service/index.html]
[www.buzzinteractive.co/buzz-interactive-recognized-for-marketing-excellence/index.html]
[www.buzzinteractive.co/tag/top-seo-companies/index.html]
[www.buzzinteractive.co/how-to-steal-your-competitors-facebook-audience/index.html]
[www.buzzinteractive.co/tag/seo-agency/index.html]
[www.buzzinteractive.co/tag/app-development/index.html]
[www.buzzinteractive.co/top-4-local-seo-strategies-to-implement-in-2018-beyond/index.html]
[www.buzzinteractive.co/tag/web-design-trends-in-2019/index.html]
[www.buzzinteractive.co/tag/digital-marketing/index.html]
[www.buzzinteractive.co/5-out-of-the-box-digital-marketing-examples-from-2018/index.html]
[www.buzzinteractive.co/tag/web-development-services/index.html]
[www.buzzinteractive.co/11-ways-to-boost-conversion-rate-for-ecommerce-business/index.html]
[www.buzzinteractive.co/tag/clutch/index.html]
[www.buzzinteractive.co/tag/buzz-interactive/index.html]
[www.buzzinteractive.co/3-best-social-media-marketing-benefits-for-small-business/index.html]
[www.buzzinteractive.co/tag/clutch-listing/index.html]
[www.buzzinteractive.co/tag/digital-marketing-directory/index.html]
[www.buzzinteractive.co/5-sales-marketing-tips-to-help-grow-your-business/feed/index.html]
[www.buzzinteractive.co/content-recipe-ingredients-for-a-great-content/index.html]
[www.buzzinteractive.co/design-for-reality-not-glory/index.html]
[www.buzzinteractive.co/the-5-best-tools-to-get-more-followers-on-instagram/feed/index.html]
[www.buzzinteractive.co/tag/top-digital-marketing-agency/index.html]
[www.buzzinteractive.co/9-ways-for-improving-your-website-speed/index.html]
[www.buzzinteractive.co/tag/instagram-growth-hacking/index.html]
[www.buzzinteractive.co/social-media-marketing-tips-for-restaurant-business/index.html]
[www.buzzinteractive.co/tag/social-media-services/index.html]
[www.buzzinteractive.co/25-essential-wordpress-maintenance-guide-for-beginners/index.html]
[www.buzzinteractive.co/top-5-web-design-trends-to-watch-for-in-2019/feed/index.html]
[www.buzzinteractive.co/5-ways-to-boost-ecommerce-business-through-social-media/index.html]
[www.buzzinteractive.co/2-digital-marketing-trends-you-cant-afford-to-ignore/feed/index.html]
[www.buzzinteractive.co/make-websites-communicate-convert-visitors-leads/index.html]
[www.buzzinteractive.co/buzz-interactive-recognized-for-marketing-excellence/feed/index.html]
[www.buzzinteractive.co/tag/digital-marketing-trends/index.html]
[www.buzzinteractive.co/here-is-complete-guide-using-the-power-of-content/index.html]
[www.buzzinteractive.co/tag/digital-marketing-agency/index.html]
[www.buzzinteractive.co/anatomy-successful-digital-marketing-campaign/index.html]
[www.buzzinteractive.co/how-to-steal-your-competitors-facebook-audience/feed/index.html]
[www.buzzinteractive.co/buzz-interactive-showcases-work-clutch/index.html]
[www.buzzinteractive.co/indexf346.html]
[www.buzzinteractive.co/top-4-local-seo-strategies-to-implement-in-2018-beyond/feed/index.html]
[www.buzzinteractive.co/7-effective-social-media-marketing-tips-enhance-online-business/index.html]
[www.buzzinteractive.co/tag/social-media-marketing-agency/index.html]
[www.buzzinteractive.co/story-of-araam/index.html]
[www.buzzinteractive.co/tag/local-seo-company/index.html]
[www.buzzinteractive.co/tag/local-seo-agencies/index.html]
[www.buzzinteractive.co/index3e68.html]
[www.buzzinteractive.co/buzz-interactive-clutch-standout-digital-marketing-agency/feed/index.html]
[www.buzzinteractive.co/tag/local-seo-services/index.html]
[www.buzzinteractive.co/index6294.html]
[www.buzzinteractive.co/5-out-of-the-box-digital-marketing-examples-from-2018/feed/index.html]
[www.buzzinteractive.co/indexc1bc.html]
[www.buzzinteractive.co/tag/local-seo-strategies/index.html]
[www.buzzinteractive.co/tag/best-digital-marketing/index.html]
[www.buzzinteractive.co/11-ways-to-boost-conversion-rate-for-ecommerce-business/feed/index.html]
[www.buzzinteractive.co/index0a97.html]
[www.buzzinteractive.co/3-best-social-media-marketing-benefits-for-small-business/feed/index.html]
[www.buzzinteractive.co/tag/digital-marketing-campaign/index.html]
[www.buzzinteractive.co/indexa1e1.html]
[www.buzzinteractive.co/tag/social-media-marketing/index.html]
[www.buzzinteractive.co/index879e.html]
[www.buzzinteractive.co/best-of-the-best-with-buzz/feed/index.html]
[www.buzzinteractive.co/tag/benefits-of-social-media-marketing/index.html]
[www.buzzinteractive.co/indexf7af.html]
[www.buzzinteractive.co/index00e3.html]
[www.buzzinteractive.co/category/content-marketing/index.html]
[www.buzzinteractive.co/tag/content-marketing/index.html]
[www.buzzinteractive.co/indexd231.html]
[www.buzzinteractive.co/tag/digital-marketing-services/index.html]
[www.buzzinteractive.co/design-for-reality-not-glory/feed/index.html]
[www.buzzinteractive.co/indexbea4.html]
[www.buzzinteractive.co/9-ways-for-improving-your-website-speed/feed/index.html]
[www.buzzinteractive.co/index2bd2.html]
[www.buzzinteractive.co/tag/improve-website-speed/index.html]
[www.buzzinteractive.co/indexadd6.html]
[www.buzzinteractive.co/tag/how-to-improve-website-speed/index.html]
[www.buzzinteractive.co/index5d29.html]
[www.buzzinteractive.co/tag/social-media-marketing-for-restaurant/index.html]
[www.buzzinteractive.co/indexddf4.html]
[www.buzzinteractive.co/25-essential-wordpress-maintenance-guide-for-beginners/feed/index.html]
[www.buzzinteractive.co/indexa694.html]
[www.buzzinteractive.co/tag/social-media/index.html]
[www.buzzinteractive.co/tag/wordpress/index.html]
[www.buzzinteractive.co/index9822.html]
[www.buzzinteractive.co/tag/wordpress-development/index.html]
[www.buzzinteractive.co/tag/wordpress-development-tips/index.html]
[www.buzzinteractive.co/index2234.html]
[www.buzzinteractive.co/content-recipe-ingredients-for-a-great-content/feed/index.html]
[www.buzzinteractive.co/5-ways-to-boost-ecommerce-business-through-social-media/feed/index.html]
[www.buzzinteractive.co/indexe6f0.html]
[www.buzzinteractive.co/tag/wordpress-website/index.html]
[www.buzzinteractive.co/tag/wordpress-web-development/index.html]
[www.buzzinteractive.co/index36c8.html]
[www.buzzinteractive.co/social-media-marketing-tips-for-restaurant-business/feed/index.html]
[www.buzzinteractive.co/tag/book-ecommerce/index.html]
[www.buzzinteractive.co/tag/ecommerce-through-social-media/index.html]
[www.buzzinteractive.co/make-websites-communicate-convert-visitors-leads/feed/index.html]
[www.buzzinteractive.co/wp-content/cache/wpfc-minified/14827m0i/5x6eg.js]
[www.buzzinteractive.co/category/web-development/index.html]
[www.buzzinteractive.co/here-is-complete-guide-using-the-power-of-content/feed/index.html]
[www.buzzinteractive.co/author/buzz-interactive/index.html]
[www.buzzinteractive.co/tag/advance-marketing/index.html]
[www.buzzinteractive.co/indexa7a8.html]
[www.buzzinteractive.co/tag/web-design-services/index.html]
[www.buzzinteractive.co/category/digital-marketing/index.html]
[www.buzzinteractive.co/tag/marketing-tips/index.html]
[www.buzzinteractive.co/buzz-interactive-showcases-work-clutch/feed/index.html]
[www.buzzinteractive.co/category/graphic-design/index.html]
[www.buzzinteractive.co/tag/digital-marketing-for-business/index.html]
[www.buzzinteractive.co/7-effective-social-media-marketing-tips-enhance-online-business/feed/index.html]
[www.buzzinteractive.co/category/web-design/index.html]
[www.buzzinteractive.co/tag/benefits-of-digital-marketing/index.html]
[www.buzzinteractive.co/tag/web-design/index.html]
[www.buzzinteractive.co/story-of-araam/feed/index.html]
[www.buzzinteractive.co/tag/web-development/index.html]
[www.buzzinteractive.co/category/web-development/page/2/index.html]
[www.buzzinteractive.co/indexfe64.html]
[www.buzzinteractive.co/tag/araam-case-study/index.html]
[www.buzzinteractive.co/category/web-development/feed/index.html]
[www.buzzinteractive.co/category/ecommerce/index.html]
[www.buzzinteractive.co/category/graphic-design/feed/index.html]
[www.buzzinteractive.co/indexa244.html]
[www.buzzinteractive.co/category/digital-marketing/page/2/index.html]
[www.buzzinteractive.co/category/digital-marketing/feed/index.html]
[www.buzzinteractive.co/index8582.html]
[www.buzzinteractive.co/category/web-design/feed/index.html]
[www.buzzinteractive.co/tag/web-development/feed/index.html]
[www.buzzinteractive.co/indexd9e1.html]
[www.buzzinteractive.co/category/digital-headlines/index.html]
[www.buzzinteractive.co/tag/web-design/feed/index.html]
[www.buzzinteractive.co/index1241.html]
[www.buzzinteractive.co/index373b.html]
[www.buzzinteractive.co/category/seo/index.html]
[www.buzzinteractive.co/category/ecommerce/feed/index.html]
[www.buzzinteractive.co/index813f.html]
[www.buzzinteractive.co/category/social-media-marketing/index.html]
[www.buzzinteractive.co/category/seo/feed/index.html]
[www.buzzinteractive.co/index08e3.html]
[www.buzzinteractive.co/index04d6.html]
[www.buzzinteractive.co/indexdf81.html]
[www.buzzinteractive.co/category/uncategorised/index.html]
[www.buzzinteractive.co/category/social-media-marketing/feed/index.html]
[www.buzzinteractive.co/indexc7a1.html]
[www.buzzinteractive.co/anatomy-successful-digital-marketing-campaign/feed/index.html]
[www.buzzinteractive.co/category/digital-headlines/feed/index.html]
[www.buzzinteractive.co/category/uncategorised/feed/index.html]
[www.buzzinteractive.co/react-native-app-development-services/index.html]
[www.buzzinteractive.co/progressive-web-app-development-services/index.html]
[www.buzzinteractive.co/index0fdf.html]
[www.buzzinteractive.co/indexa794.html]
[www.buzzinteractive.co/magento-development-services/index.html]
[www.buzzinteractive.co/indexbea2.html]
[www.buzzinteractive.co/index03ec.html]
[www.buzzinteractive.co/index8622.html]
[www.buzzinteractive.co/index5086.html]
[www.buzzinteractive.co/indexe1ce.html]
[www.buzzinteractive.co/tag/seo-agency/index.html]
[www.buzzinteractive.co/tag/seo-service/index.html]
[www.buzzinteractive.co/tag/top-seo-companies/index.html]
[www.buzzinteractive.co/indexd57d.html]
[www.buzzinteractive.co/tag/app-development/index.html]
[www.buzzinteractive.co/tag/seo-agency/feed/index.html]
[www.buzzinteractive.co/tag/digital-marketing/index.html]
[www.buzzinteractive.co/tag/seo-service/feed/index.html]
[www.buzzinteractive.co/tag/web-design-trends-in-2019/index.html]
[www.buzzinteractive.co/tag/top-seo-companies/feed/index.html]
[www.buzzinteractive.co/tag/web-development-services/index.html]
[www.buzzinteractive.co/tag/web-design-trends-in-2019/feed/index.html]
[www.buzzinteractive.co/index96e8.html]
[www.buzzinteractive.co/tag/buzz-interactive/index.html]
[www.buzzinteractive.co/tag/digital-marketing/feed/index.html]
[www.buzzinteractive.co/tag/clutch/index.html]
[www.buzzinteractive.co/tag/web-development-services/feed/index.html]
[www.buzzinteractive.co/tag/clutch-listing/index.html]
[www.buzzinteractive.co/tag/buzz-interactive/feed/index.html]
[www.buzzinteractive.co/tag/digital-marketing-directory/index.html]
[www.buzzinteractive.co/tag/clutch/feed/index.html]
[www.buzzinteractive.co/tag/top-digital-marketing-agency/index.html]
[www.buzzinteractive.co/tag/clutch-listing/feed/index.html]
[www.buzzinteractive.co/index1e31.html]
[www.buzzinteractive.co/indexf215.html]
[www.buzzinteractive.co/tag/instagram-growth-hacking/index.html]
[www.buzzinteractive.co/tag/top-digital-marketing-agency/feed/index.html]
[www.buzzinteractive.co/tag/digital-marketing-directory/feed/index.html]
[www.buzzinteractive.co/tag/social-media-services/index.html]
[www.buzzinteractive.co/index4f0a.html]
[www.buzzinteractive.co/index6e0e.html]
[www.buzzinteractive.co/indexd10f.html]
[www.buzzinteractive.co/tag/digital-marketing-trends/index.html]
[www.buzzinteractive.co/tag/instagram-growth-hacking/feed/index.html]
[www.buzzinteractive.co/indexb911.html]
[www.buzzinteractive.co/indexf346.html]
[www.buzzinteractive.co/tag/digital-marketing-agency/index.html]
[www.buzzinteractive.co/tag/social-media-services/feed/index.html]
[www.buzzinteractive.co/index7cd8.html]
[www.buzzinteractive.co/tag/social-media-marketing-agency/index.html]
[www.buzzinteractive.co/tag/digital-marketing-agency/feed/index.html]
[www.buzzinteractive.co/index8843.html]
[www.buzzinteractive.co/tag/local-seo-agencies/index.html]
[www.buzzinteractive.co/tag/social-media-marketing-agency/feed/index.html]
[www.buzzinteractive.co/tag/local-seo-company/index.html]
[www.buzzinteractive.co/tag/local-seo-agencies/feed/index.html]
[www.buzzinteractive.co/tag/local-seo-services/index.html]
[www.buzzinteractive.co/tag/local-seo-company/feed/index.html]
[www.buzzinteractive.co/tag/local-seo-strategies/index.html]
[www.buzzinteractive.co/tag/local-seo-services/feed/index.html]
[www.buzzinteractive.co/index53ee.html]
[www.buzzinteractive.co/tag/best-digital-marketing/index.html]
[www.buzzinteractive.co/tag/local-seo-strategies/feed/index.html]
[www.buzzinteractive.co/tag/digital-marketing-campaign/index.html]
[www.buzzinteractive.co/tag/best-digital-marketing/feed/index.html]
[www.buzzinteractive.co/index60ac.html]
[www.buzzinteractive.co/indexd833.html]
[www.buzzinteractive.co/tag/benefits-of-social-media-marketing/index.html]
[www.buzzinteractive.co/tag/digital-marketing-campaign/feed/index.html]
[www.buzzinteractive.co/tag/social-media-marketing/index.html]
[www.buzzinteractive.co/tag/app-development/feed/index.html]
[www.buzzinteractive.co/indexde10.html]
[www.buzzinteractive.co/category/content-marketing/index.html]
[www.buzzinteractive.co/category/content-marketing/feed/index.html]
[www.buzzinteractive.co/tag/content-marketing/index.html]
[www.buzzinteractive.co/tag/content-marketing/feed/index.html]
[www.buzzinteractive.co/tag/digital-marketing-services/index.html]
[www.buzzinteractive.co/tag/digital-marketing-services/feed/index.html]
[www.buzzinteractive.co/index7d86.html]
[www.buzzinteractive.co/index3a55.html]
[www.buzzinteractive.co/tag/how-to-improve-website-speed/index.html]
[www.buzzinteractive.co/tag/how-to-improve-website-speed/feed/index.html]
[www.buzzinteractive.co/tag/improve-website-speed/index.html]
[www.buzzinteractive.co/tag/digital-marketing-trends/feed/index.html]
[www.buzzinteractive.co/index5664.html]
[www.buzzinteractive.co/tag/social-media-marketing-for-restaurant/index.html]
[www.buzzinteractive.co/tag/improve-website-speed/feed/index.html]
[www.buzzinteractive.co/tag/social-media/index.html]
[www.buzzinteractive.co/tag/social-media-marketing-for-restaurant/feed/index.html]
[www.buzzinteractive.co/index011c.html]
[www.buzzinteractive.co/tag/wordpress/index.html]
[www.buzzinteractive.co/tag/social-media/feed/index.html]
[www.buzzinteractive.co/tag/wordpress-development/index.html]
[www.buzzinteractive.co/tag/wordpress/feed/index.html]
[www.buzzinteractive.co/tag/wordpress-development-tips/index.html]
[www.buzzinteractive.co/tag/wordpress-development/feed/index.html]
[www.buzzinteractive.co/tag/wordpress-web-development/index.html]
[www.buzzinteractive.co/tag/wordpress-development-tips/feed/index.html]
[www.buzzinteractive.co/tag/wordpress-website/index.html]
[www.buzzinteractive.co/tag/wordpress-web-development/feed/index.html]
[www.buzzinteractive.co/index55ac.html]
[www.buzzinteractive.co/tag/book-ecommerce/index.html]
[www.buzzinteractive.co/tag/benefits-of-social-media-marketing/feed/index.html]
[www.buzzinteractive.co/tag/ecommerce-through-social-media/index.html]
[www.buzzinteractive.co/tag/wordpress-website/feed/index.html]
[www.buzzinteractive.co/index39eb.html]
[www.buzzinteractive.co/tag/web-design-services/index.html]
[www.buzzinteractive.co/tag/book-ecommerce/feed/index.html]
[www.buzzinteractive.co/index4ced.html]
[www.buzzinteractive.co/tag/advance-marketing/index.html]
[www.buzzinteractive.co/tag/social-media-marketing/feed/index.html]
[www.buzzinteractive.co/tag/marketing-tips/index.html]
[www.buzzinteractive.co/tag/web-design-services/feed/index.html]
[www.buzzinteractive.co/tag/ecommerce-through-social-media/feed/index.html]
[www.buzzinteractive.co/indexd3ab.html]
[www.buzzinteractive.co/tag/benefits-of-digital-marketing/index.html]
[www.buzzinteractive.co/tag/digital-marketing-for-business/index.html]
[www.buzzinteractive.co/tag/advance-marketing/feed/index.html]
[www.buzzinteractive.co/indexb97c.html]
[www.buzzinteractive.co/index1536.html]
[www.buzzinteractive.co/index3ba0.html]
[www.buzzinteractive.co/tag/araam-case-study/index.html]
[www.buzzinteractive.co/tag/marketing-tips/feed/index.html]
[www.buzzinteractive.co/category/web-development/page/2/index.html]
[www.buzzinteractive.co/category/digital-marketing/page/2/index.html]
[www.buzzinteractive.co/index8372.html]
[www.buzzinteractive.co/indexad86.html]
[www.buzzinteractive.co/index4b3d.html]
[www.buzzinteractive.co/tag/benefits-of-digital-marketing/feed/index.html]
[www.buzzinteractive.co/tag/araam-case-study/feed/index.html]
[www.buzzinteractive.co/tag/digital-marketing-for-business/feed/index.html]
[static3.buzzinteractive.co/wp-content/uploads/2019/04/Down-Arrow.png]
